desc: (none)
cmd: ./ssca2 17
time_unit: i
#-----------
snapshot=0
#-----------
time=0
mem_heap_B=0
mem_heap_extra_B=0
mem_stacks_B=0
heap_tree=empty
#-----------
snapshot=1
#-----------
time=201778
mem_heap_B=32
mem_heap_extra_B=8
mem_stacks_B=0
heap_tree=empty
#-----------
snapshot=2
#-----------
time=201869
mem_heap_B=8388640
mem_heap_extra_B=8088
mem_stacks_B=0
heap_tree=empty
#-----------
snapshot=3
#-----------
time=202874
mem_heap_B=8393752
mem_heap_extra_B=8104
mem_stacks_B=0
heap_tree=empty
#-----------
snapshot=4
#-----------
time=204243
mem_heap_B=8393756
mem_heap_extra_B=8124
mem_stacks_B=0
heap_tree=empty
#-----------
snapshot=5
#-----------
time=204549
mem_heap_B=8409180
mem_heap_extra_B=8196
mem_stacks_B=0
heap_tree=empty
#-----------
snapshot=6
#-----------
time=3385150
mem_heap_B=8409180
mem_heap_extra_B=8196
mem_stacks_B=0
heap_tree=detailed
n3: 8409180 (heap allocation functions) malloc/new/new[], --alloc-fns, etc.
 n1: 4194304 0x402308: genScalData (in /home/cb76/cb761226/perf-oriented-dev/larger_samples/ssca2/build/ssca2)
  n0: 4194304 0x400A69: main (in /home/cb76/cb761226/perf-oriented-dev/larger_samples/ssca2/build/ssca2)
 n1: 4194304 0x402320: genScalData (in /home/cb76/cb761226/perf-oriented-dev/larger_samples/ssca2/build/ssca2)
  n0: 4194304 0x400A69: main (in /home/cb76/cb761226/perf-oriented-dev/larger_samples/ssca2/build/ssca2)
 n0: 20572 in 2 places, all below massif's threshold (1.00%)
#-----------
snapshot=7
#-----------
time=3385150
mem_heap_B=8409176
mem_heap_extra_B=8176
mem_stacks_B=0
heap_tree=empty
#-----------
snapshot=8
#-----------
time=3633323
mem_heap_B=8404064
mem_heap_extra_B=8160
mem_stacks_B=0
heap_tree=empty
#-----------
snapshot=9
#-----------
time=3633357
mem_heap_B=8404056
mem_heap_extra_B=8144
mem_stacks_B=0
heap_tree=empty
#-----------
snapshot=10
#-----------
time=6067437019
mem_heap_B=8928344
mem_heap_extra_B=8152
mem_stacks_B=0
heap_tree=empty
#-----------
snapshot=11
#-----------
time=6087917073
mem_heap_B=8928344
mem_heap_extra_B=8152
mem_stacks_B=0
heap_tree=detailed
n4: 8928344 (heap allocation functions) malloc/new/new[], --alloc-fns, etc.
 n1: 4194304 0x402308: genScalData (in /home/cb76/cb761226/perf-oriented-dev/larger_samples/ssca2/build/ssca2)
  n0: 4194304 0x400A69: main (in /home/cb76/cb761226/perf-oriented-dev/larger_samples/ssca2/build/ssca2)
 n1: 4194304 0x402320: genScalData (in /home/cb76/cb761226/perf-oriented-dev/larger_samples/ssca2/build/ssca2)
  n0: 4194304 0x400A69: main (in /home/cb76/cb761226/perf-oriented-dev/larger_samples/ssca2/build/ssca2)
 n1: 524288 0x4025E3: genScalData (in /home/cb76/cb761226/perf-oriented-dev/larger_samples/ssca2/build/ssca2)
  n0: 524288 0x400A69: main (in /home/cb76/cb761226/perf-oriented-dev/larger_samples/ssca2/build/ssca2)
 n0: 15448 in 2 places, all below massif's threshold (1.00%)
#-----------
snapshot=12
#-----------
time=6087917104
mem_heap_B=12598360
mem_heap_extra_B=12184
mem_stacks_B=0
heap_tree=empty
#-----------
snapshot=13
#-----------
time=6162366055
mem_heap_B=12598360
mem_heap_extra_B=12184
mem_stacks_B=0
heap_tree=detailed
n4: 12598360 (heap allocation functions) malloc/new/new[], --alloc-fns, etc.
 n1: 4194304 0x402308: genScalData (in /home/cb76/cb761226/perf-oriented-dev/larger_samples/ssca2/build/ssca2)
  n0: 4194304 0x400A69: main (in /home/cb76/cb761226/perf-oriented-dev/larger_samples/ssca2/build/ssca2)
 n1: 4194304 0x402320: genScalData (in /home/cb76/cb761226/perf-oriented-dev/larger_samples/ssca2/build/ssca2)
  n0: 4194304 0x400A69: main (in /home/cb76/cb761226/perf-oriented-dev/larger_samples/ssca2/build/ssca2)
 n1: 4194304 0x40272B: genScalData (in /home/cb76/cb761226/perf-oriented-dev/larger_samples/ssca2/build/ssca2)
  n0: 4194304 0x400A69: main (in /home/cb76/cb761226/perf-oriented-dev/larger_samples/ssca2/build/ssca2)
 n0: 15448 in 3 places, all below massif's threshold (1.00%)
#-----------
snapshot=14
#-----------
time=6162366839
mem_heap_B=16777280
mem_heap_extra_B=16176
mem_stacks_B=0
heap_tree=empty
#-----------
snapshot=15
#-----------
time=6162367603
mem_heap_B=17301568
mem_heap_extra_B=16184
mem_stacks_B=0
heap_tree=empty
#-----------
snapshot=16
#-----------
time=6172853411
mem_heap_B=17825860
mem_heap_extra_B=16204
mem_stacks_B=0
heap_tree=empty
#-----------
snapshot=17
#-----------
time=6172853448
mem_heap_B=17825864
mem_heap_extra_B=16224
mem_stacks_B=0
heap_tree=empty
#-----------
snapshot=18
#-----------
time=6173639929
mem_heap_B=17825864
mem_heap_extra_B=16224
mem_stacks_B=0
heap_tree=detailed
n7: 17825864 (heap allocation functions) malloc/new/new[], --alloc-fns, etc.
 n1: 4194304 0x401799: computeGraph (in /home/cb76/cb761226/perf-oriented-dev/larger_samples/ssca2/build/ssca2)
  n0: 4194304 0x400AB7: main (in /home/cb76/cb761226/perf-oriented-dev/larger_samples/ssca2/build/ssca2)
 n1: 4194304 0x402308: genScalData (in /home/cb76/cb761226/perf-oriented-dev/larger_samples/ssca2/build/ssca2)
  n0: 4194304 0x400A69: main (in /home/cb76/cb761226/perf-oriented-dev/larger_samples/ssca2/build/ssca2)
 n1: 4194304 0x402320: genScalData (in /home/cb76/cb761226/perf-oriented-dev/larger_samples/ssca2/build/ssca2)
  n0: 4194304 0x400A69: main (in /home/cb76/cb761226/perf-oriented-dev/larger_samples/ssca2/build/ssca2)
 n1: 4194304 0x40272B: genScalData (in /home/cb76/cb761226/perf-oriented-dev/larger_samples/ssca2/build/ssca2)
  n0: 4194304 0x400A69: main (in /home/cb76/cb761226/perf-oriented-dev/larger_samples/ssca2/build/ssca2)
 n1: 524292 0x4017FE: computeGraph (in /home/cb76/cb761226/perf-oriented-dev/larger_samples/ssca2/build/ssca2)
  n0: 524292 0x400AB7: main (in /home/cb76/cb761226/perf-oriented-dev/larger_samples/ssca2/build/ssca2)
 n1: 524288 0x4017A9: computeGraph (in /home/cb76/cb761226/perf-oriented-dev/larger_samples/ssca2/build/ssca2)
  n0: 524288 0x400AB7: main (in /home/cb76/cb761226/perf-oriented-dev/larger_samples/ssca2/build/ssca2)
 n0: 68 in 5 places, all below massif's threshold (1.00%)
#-----------
snapshot=19
#-----------
time=6173640030
mem_heap_B=25690180
mem_heap_extra_B=24276
mem_stacks_B=0
heap_tree=empty
#-----------
snapshot=20
#-----------
time=6186222986
mem_heap_B=25690180
mem_heap_extra_B=24276
mem_stacks_B=0
heap_tree=peak
n8: 25690180 (heap allocation functions) malloc/new/new[], --alloc-fns, etc.
 n1: 4194304 0x401799: computeGraph (in /home/cb76/cb761226/perf-oriented-dev/larger_samples/ssca2/build/ssca2)
  n0: 4194304 0x400AB7: main (in /home/cb76/cb761226/perf-oriented-dev/larger_samples/ssca2/build/ssca2)
 n1: 4194304 0x401844: computeGraph (in /home/cb76/cb761226/perf-oriented-dev/larger_samples/ssca2/build/ssca2)
  n0: 4194304 0x400AB7: main (in /home/cb76/cb761226/perf-oriented-dev/larger_samples/ssca2/build/ssca2)
 n1: 4194304 0x401851: computeGraph (in /home/cb76/cb761226/perf-oriented-dev/larger_samples/ssca2/build/ssca2)
  n0: 4194304 0x400AB7: main (in /home/cb76/cb761226/perf-oriented-dev/larger_samples/ssca2/build/ssca2)
 n1: 4194304 0x402308: genScalData (in /home/cb76/cb761226/perf-oriented-dev/larger_samples/ssca2/build/ssca2)
  n0: 4194304 0x400A69: main (in /home/cb76/cb761226/perf-oriented-dev/larger_samples/ssca2/build/ssca2)
 n1: 4194304 0x402320: genScalData (in /home/cb76/cb761226/perf-oriented-dev/larger_samples/ssca2/build/ssca2)
  n0: 4194304 0x400A69: main (in /home/cb76/cb761226/perf-oriented-dev/larger_samples/ssca2/build/ssca2)
 n1: 4194304 0x40272B: genScalData (in /home/cb76/cb761226/perf-oriented-dev/larger_samples/ssca2/build/ssca2)
  n0: 4194304 0x400A69: main (in /home/cb76/cb761226/perf-oriented-dev/larger_samples/ssca2/build/ssca2)
 n1: 524292 0x4017FE: computeGraph (in /home/cb76/cb761226/perf-oriented-dev/larger_samples/ssca2/build/ssca2)
  n0: 524292 0x400AB7: main (in /home/cb76/cb761226/perf-oriented-dev/larger_samples/ssca2/build/ssca2)
 n0: 64 in 6 places, all below massif's threshold (1.00%)
#-----------
snapshot=21
#-----------
time=6186223841
mem_heap_B=8928952
mem_heap_extra_B=8160
mem_stacks_B=0
heap_tree=empty
#-----------
snapshot=22
#-----------
time=6196260991
mem_heap_B=8928956
mem_heap_extra_B=8180
mem_stacks_B=0
heap_tree=empty
#-----------
snapshot=23
#-----------
time=6196261272
mem_heap_B=8913044
mem_heap_extra_B=8116
mem_stacks_B=0
heap_tree=empty
#-----------
snapshot=24
#-----------
time=6196262863
mem_heap_B=9437336
mem_heap_extra_B=8136
mem_stacks_B=0
heap_tree=empty
#-----------
snapshot=25
#-----------
time=6196263176
mem_heap_B=10092728
mem_heap_extra_B=8184
mem_stacks_B=0
heap_tree=empty
#-----------
snapshot=26
#-----------
time=6196385756
mem_heap_B=9961656
mem_heap_extra_B=8176
mem_stacks_B=0
heap_tree=empty
#-----------
snapshot=27
#-----------
time=6196385812
mem_heap_B=10092728
mem_heap_extra_B=8184
mem_stacks_B=0
heap_tree=empty
#-----------
snapshot=28
#-----------
time=6196390362
mem_heap_B=9961656
mem_heap_extra_B=8176
mem_stacks_B=0
heap_tree=empty
#-----------
snapshot=29
#-----------
time=6196390418
mem_heap_B=10092728
mem_heap_extra_B=8184
mem_stacks_B=0
heap_tree=empty
#-----------
snapshot=30
#-----------
time=6196770872
mem_heap_B=9961656
mem_heap_extra_B=8176
mem_stacks_B=0
heap_tree=empty
#-----------
snapshot=31
#-----------
time=6196770928
mem_heap_B=10092728
mem_heap_extra_B=8184
mem_stacks_B=0
heap_tree=empty
#-----------
snapshot=32
#-----------
time=6196808772
mem_heap_B=9961656
mem_heap_extra_B=8176
mem_stacks_B=0
heap_tree=detailed
n6: 9961656 (heap allocation functions) malloc/new/new[], --alloc-fns, etc.
 n1: 4194304 0x401844: computeGraph (in /home/cb76/cb761226/perf-oriented-dev/larger_samples/ssca2/build/ssca2)
  n0: 4194304 0x400AB7: main (in /home/cb76/cb761226/perf-oriented-dev/larger_samples/ssca2/build/ssca2)
 n1: 4194304 0x401851: computeGraph (in /home/cb76/cb761226/perf-oriented-dev/larger_samples/ssca2/build/ssca2)
  n0: 4194304 0x400AB7: main (in /home/cb76/cb761226/perf-oriented-dev/larger_samples/ssca2/build/ssca2)
 n1: 524292 0x4017FE: computeGraph (in /home/cb76/cb761226/perf-oriented-dev/larger_samples/ssca2/build/ssca2)
  n0: 524292 0x400AB7: main (in /home/cb76/cb761226/perf-oriented-dev/larger_samples/ssca2/build/ssca2)
 n1: 524292 0x4019DD: findSubGraphs (in /home/cb76/cb761226/perf-oriented-dev/larger_samples/ssca2/build/ssca2)
  n0: 524292 0x400B7C: main (in /home/cb76/cb761226/perf-oriented-dev/larger_samples/ssca2/build/ssca2)
 n1: 524288 0x4019F4: findSubGraphs (in /home/cb76/cb761226/perf-oriented-dev/larger_samples/ssca2/build/ssca2)
  n0: 524288 0x400B7C: main (in /home/cb76/cb761226/perf-oriented-dev/larger_samples/ssca2/build/ssca2)
 n0: 176 in 20 places, all below massif's threshold (1.00%)
#-----------
snapshot=33
#-----------
time=6196808828
mem_heap_B=10092728
mem_heap_extra_B=8184
mem_stacks_B=0
heap_tree=empty
#-----------
snapshot=34
#-----------
time=6202607240
mem_heap_B=9961656
mem_heap_extra_B=8176
mem_stacks_B=0
heap_tree=empty
#-----------
snapshot=35
#-----------
time=6202607296
mem_heap_B=10092728
mem_heap_extra_B=8184
mem_stacks_B=0
heap_tree=empty
#-----------
snapshot=36
#-----------
time=6202679562
mem_heap_B=9961656
mem_heap_extra_B=8176
mem_stacks_B=0
heap_tree=empty
#-----------
snapshot=37
#-----------
time=6202679618
mem_heap_B=10092728
mem_heap_extra_B=8184
mem_stacks_B=0
heap_tree=empty
#-----------
snapshot=38
#-----------
time=6202828454
mem_heap_B=9568436
mem_heap_extra_B=8164
mem_stacks_B=0
heap_tree=empty
#-----------
snapshot=39
#-----------
time=6202829405
mem_heap_B=10490908
mem_heap_extra_B=8140
mem_stacks_B=0
heap_tree=empty
#-----------
snapshot=40
#-----------
time=6202830056
mem_heap_B=10490912
mem_heap_extra_B=8176
mem_stacks_B=0
heap_tree=empty
#-----------
snapshot=41
#-----------
time=6202830362
mem_heap_B=10506336
mem_heap_extra_B=8248
mem_stacks_B=0
heap_tree=detailed
n6: 10506336 (heap allocation functions) malloc/new/new[], --alloc-fns, etc.
 n1: 4194304 0x401844: computeGraph (in /home/cb76/cb761226/perf-oriented-dev/larger_samples/ssca2/build/ssca2)
  n0: 4194304 0x400AB7: main (in /home/cb76/cb761226/perf-oriented-dev/larger_samples/ssca2/build/ssca2)
 n1: 4194304 0x401851: computeGraph (in /home/cb76/cb761226/perf-oriented-dev/larger_samples/ssca2/build/ssca2)
  n0: 4194304 0x400AB7: main (in /home/cb76/cb761226/perf-oriented-dev/larger_samples/ssca2/build/ssca2)
 n0: 1048576 0x400BCD: main (in /home/cb76/cb761226/perf-oriented-dev/larger_samples/ssca2/build/ssca2)
 n1: 524292 0x4017FE: computeGraph (in /home/cb76/cb761226/perf-oriented-dev/larger_samples/ssca2/build/ssca2)
  n0: 524292 0x400AB7: main (in /home/cb76/cb761226/perf-oriented-dev/larger_samples/ssca2/build/ssca2)
 n1: 524288 0x400D7E: betweennessCentrality (in /home/cb76/cb761226/perf-oriented-dev/larger_samples/ssca2/build/ssca2)
  n0: 524288 0x400BDB: main (in /home/cb76/cb761226/perf-oriented-dev/larger_samples/ssca2/build/ssca2)
 n0: 20572 in 22 places, all below massif's threshold (1.00%)
#-----------
snapshot=42
#-----------
time=6206010276
mem_heap_B=10506332
mem_heap_extra_B=8212
mem_stacks_B=0
heap_tree=empty
#-----------
snapshot=43
#-----------
time=6206258449
mem_heap_B=10501220
mem_heap_extra_B=8196
mem_stacks_B=0
heap_tree=empty
#-----------
snapshot=44
#-----------
time=6206258483
mem_heap_B=10501212
mem_heap_extra_B=8180
mem_stacks_B=0
heap_tree=empty
#-----------
snapshot=45
#-----------
time=6216383897
mem_heap_B=12598364
mem_heap_extra_B=8188
mem_stacks_B=0
heap_tree=empty
#-----------
snapshot=46
#-----------
time=6216384038
mem_heap_B=13646952
mem_heap_extra_B=8264
mem_stacks_B=0
heap_tree=empty
#-----------
snapshot=47
#-----------
time=6223461982
mem_heap_B=17841256
mem_heap_extra_B=12304
mem_stacks_B=0
heap_tree=empty
#-----------
snapshot=48
#-----------
time=6224641681
mem_heap_B=17316964
mem_heap_extra_B=12284
mem_stacks_B=0
heap_tree=empty
#-----------
snapshot=49
#-----------
time=6224641912
mem_heap_B=19938396
mem_heap_extra_B=12260
mem_stacks_B=0
heap_tree=empty
#-----------
snapshot=50
#-----------
time=6224641951
mem_heap_B=19938596
mem_heap_extra_B=12276
mem_stacks_B=0
heap_tree=empty
#-----------
snapshot=51
#-----------
time=6224641988
mem_heap_B=19938796
mem_heap_extra_B=12292
mem_stacks_B=0
heap_tree=empty
#-----------
snapshot=52
#-----------
time=6224642025
mem_heap_B=19938804
mem_heap_extra_B=12324
mem_stacks_B=0
heap_tree=empty
#-----------
snapshot=53
#-----------
time=6224642062
mem_heap_B=20987380
mem_heap_extra_B=12332
mem_stacks_B=0
heap_tree=empty
#-----------
snapshot=54
#-----------
time=34380442540
mem_heap_B=19938804
mem_heap_extra_B=12324
mem_stacks_B=0
heap_tree=detailed
n12: 19938804 (heap allocation functions) malloc/new/new[], --alloc-fns, etc.
 n1: 4194304 0x400F2F: betweennessCentrality (in /home/cb76/cb761226/perf-oriented-dev/larger_samples/ssca2/build/ssca2)
  n0: 4194304 0x400BDB: main (in /home/cb76/cb761226/perf-oriented-dev/larger_samples/ssca2/build/ssca2)
 n1: 4194304 0x401844: computeGraph (in /home/cb76/cb761226/perf-oriented-dev/larger_samples/ssca2/build/ssca2)
  n0: 4194304 0x400AB7: main (in /home/cb76/cb761226/perf-oriented-dev/larger_samples/ssca2/build/ssca2)
 n1: 4194304 0x401851: computeGraph (in /home/cb76/cb761226/perf-oriented-dev/larger_samples/ssca2/build/ssca2)
  n0: 4194304 0x400AB7: main (in /home/cb76/cb761226/perf-oriented-dev/larger_samples/ssca2/build/ssca2)
 n1: 2097152 0x400EB0: betweennessCentrality (in /home/cb76/cb761226/perf-oriented-dev/larger_samples/ssca2/build/ssca2)
  n0: 2097152 0x400BDB: main (in /home/cb76/cb761226/perf-oriented-dev/larger_samples/ssca2/build/ssca2)
 n0: 1048576 0x400BCD: main (in /home/cb76/cb761226/perf-oriented-dev/larger_samples/ssca2/build/ssca2)
 n1: 1048576 0x400FD6: betweennessCentrality (in /home/cb76/cb761226/perf-oriented-dev/larger_samples/ssca2/build/ssca2)
  n0: 1048576 0x400BDB: main (in /home/cb76/cb761226/perf-oriented-dev/larger_samples/ssca2/build/ssca2)
 n1: 1048576 0x400FF5: betweennessCentrality (in /home/cb76/cb761226/perf-oriented-dev/larger_samples/ssca2/build/ssca2)
  n0: 1048576 0x400BDB: main (in /home/cb76/cb761226/perf-oriented-dev/larger_samples/ssca2/build/ssca2)
 n1: 524292 0x4017FE: computeGraph (in /home/cb76/cb761226/perf-oriented-dev/larger_samples/ssca2/build/ssca2)
  n0: 524292 0x400AB7: main (in /home/cb76/cb761226/perf-oriented-dev/larger_samples/ssca2/build/ssca2)
 n1: 524288 0x400D7E: betweennessCentrality (in /home/cb76/cb761226/perf-oriented-dev/larger_samples/ssca2/build/ssca2)
  n0: 524288 0x400BDB: main (in /home/cb76/cb761226/perf-oriented-dev/larger_samples/ssca2/build/ssca2)
 n1: 524288 0x400FC6: betweennessCentrality (in /home/cb76/cb761226/perf-oriented-dev/larger_samples/ssca2/build/ssca2)
  n0: 524288 0x400BDB: main (in /home/cb76/cb761226/perf-oriented-dev/larger_samples/ssca2/build/ssca2)
 n1: 524288 0x400FE3: betweennessCentrality (in /home/cb76/cb761226/perf-oriented-dev/larger_samples/ssca2/build/ssca2)
  n0: 524288 0x400BDB: main (in /home/cb76/cb761226/perf-oriented-dev/larger_samples/ssca2/build/ssca2)
 n0: 15856 in 29 places, all below massif's threshold (1.00%)
#-----------
snapshot=55
#-----------
time=34380442571
mem_heap_B=19414516
mem_heap_extra_B=12316
mem_stacks_B=0
heap_tree=empty
#-----------
snapshot=56
#-----------
time=34380442602
mem_heap_B=15220212
mem_heap_extra_B=8276
mem_stacks_B=0
heap_tree=empty
#-----------
snapshot=57
#-----------
time=34380442633
mem_heap_B=13123060
mem_heap_extra_B=8268
mem_stacks_B=0
heap_tree=empty
#-----------
snapshot=58
#-----------
time=34380442665
mem_heap_B=12074484
mem_heap_extra_B=8260
mem_stacks_B=0
heap_tree=empty
#-----------
snapshot=59
#-----------
time=34380442696
mem_heap_B=11550196
mem_heap_extra_B=8252
mem_stacks_B=0
heap_tree=empty
#-----------
snapshot=60
#-----------
time=34380442728
mem_heap_B=10501620
mem_heap_extra_B=8244
mem_stacks_B=0
heap_tree=empty
#-----------
snapshot=61
#-----------
time=34380442759
mem_heap_B=10501420
mem_heap_extra_B=8228
mem_stacks_B=0
heap_tree=empty
#-----------
snapshot=62
#-----------
time=34380442790
mem_heap_B=10501220
mem_heap_extra_B=8212
mem_stacks_B=0
heap_tree=empty
#-----------
snapshot=63
#-----------
time=34380442821
mem_heap_B=10501212
mem_heap_extra_B=8180
mem_stacks_B=0
heap_tree=empty
#-----------
snapshot=64
#-----------
time=34380442874
mem_heap_B=9976924
mem_heap_extra_B=8172
mem_stacks_B=0
heap_tree=detailed
n5: 9976924 (heap allocation functions) malloc/new/new[], --alloc-fns, etc.
 n1: 4194304 0x401844: computeGraph (in /home/cb76/cb761226/perf-oriented-dev/larger_samples/ssca2/build/ssca2)
  n0: 4194304 0x400AB7: main (in /home/cb76/cb761226/perf-oriented-dev/larger_samples/ssca2/build/ssca2)
 n1: 4194304 0x401851: computeGraph (in /home/cb76/cb761226/perf-oriented-dev/larger_samples/ssca2/build/ssca2)
  n0: 4194304 0x400AB7: main (in /home/cb76/cb761226/perf-oriented-dev/larger_samples/ssca2/build/ssca2)
 n0: 1048576 0x400BCD: main (in /home/cb76/cb761226/perf-oriented-dev/larger_samples/ssca2/build/ssca2)
 n1: 524292 0x4017FE: computeGraph (in /home/cb76/cb761226/perf-oriented-dev/larger_samples/ssca2/build/ssca2)
  n0: 524292 0x400AB7: main (in /home/cb76/cb761226/perf-oriented-dev/larger_samples/ssca2/build/ssca2)
 n0: 15448 in 36 places, all below massif's threshold (1.00%)
#-----------
snapshot=65
#-----------
time=34380442911
mem_heap_B=9971812
mem_heap_extra_B=8156
mem_stacks_B=0
heap_tree=empty
#-----------
snapshot=66
#-----------
time=34380442942
mem_heap_B=9966696
mem_heap_extra_B=8144
mem_stacks_B=0
heap_tree=empty
#-----------
snapshot=67
#-----------
time=34380442973
mem_heap_B=9961580
mem_heap_extra_B=8132
mem_stacks_B=0
heap_tree=empty
#-----------
snapshot=68
#-----------
time=34380443004
mem_heap_B=9961508
mem_heap_extra_B=8116
mem_stacks_B=0
heap_tree=empty
#-----------
snapshot=69
#-----------
time=34380443049
mem_heap_B=8912932
mem_heap_extra_B=8108
mem_stacks_B=0
heap_tree=empty
#-----------
snapshot=70
#-----------
time=34380443080
mem_heap_B=8388640
mem_heap_extra_B=8088
mem_stacks_B=0
heap_tree=empty
#-----------
snapshot=71
#-----------
time=34380443111
mem_heap_B=4194336
mem_heap_extra_B=4048
mem_stacks_B=0
heap_tree=empty
#-----------
snapshot=72
#-----------
time=34380443142
mem_heap_B=32
mem_heap_extra_B=8
mem_stacks_B=0
heap_tree=empty
#-----------
snapshot=73
#-----------
time=34380443173
mem_heap_B=0
mem_heap_extra_B=0
mem_stacks_B=0
heap_tree=empty
